<?xml version="1.0" encoding="UTF-8"?>
<robot generator="Robot 7.4.2 (Python 3.12.3 on win32)" generated="2026-05-18T21:46:48.387436" rpa="false" schemaversion="5">
<suite id="s1" name="Test Agendamento" source="C:\Users\jmari\PycharmProjects\SGHSS\tests\test_agendamento.robot">
<test id="s1-t1" name="Agendar Consulta Com Sucesso" line="8">
<kw name="Open Browser" owner="SeleniumLibrary">
<msg time="2026-05-18T21:46:48.669600" level="INFO">Opening browser 'chrome' to base url 'http://127.0.0.1:5000'.</msg>
<arg>${URL}</arg>
<arg>chrome</arg>
<doc>Opens a new browser instance to the optional ``url``.</doc>
<status status="PASS" start="2026-05-18T21:46:48.667495" elapsed="1.682433"/>
</kw>
<kw name="Maximize Browser Window" owner="SeleniumLibrary">
<doc>Maximizes current browser window.</doc>
<status status="PASS" start="2026-05-18T21:46:50.364833" elapsed="0.183463"/>
</kw>
<kw name="Input Text" owner="SeleniumLibrary">
<msg time="2026-05-18T21:46:50.558860" level="INFO">Typing text '2026-05-20' into text field 'id=dataConsulta'.</msg>
<arg>id=dataConsulta</arg>
<arg>2026-05-20</arg>
<doc>Types the given ``text`` into the text field identified by ``locator``.</doc>
<status status="PASS" start="2026-05-18T21:46:50.557855" elapsed="0.471615"/>
</kw>
<kw name="Input Text" owner="SeleniumLibrary">
<msg time="2026-05-18T21:46:51.043917" level="INFO">Typing text '14:00' into text field 'id=horario'.</msg>
<arg>id=horario</arg>
<arg>14:00</arg>
<doc>Types the given ``text`` into the text field identified by ``locator``.</doc>
<status status="PASS" start="2026-05-18T21:46:51.041352" elapsed="0.635264"/>
</kw>
<kw name="Input Text" owner="SeleniumLibrary">
<msg time="2026-05-18T21:46:51.714846" level="INFO">Typing text '1' into text field 'id=pacienteId'.</msg>
<arg>id=pacienteId</arg>
<arg>1</arg>
<doc>Types the given ``text`` into the text field identified by ``locator``.</doc>
<status status="PASS" start="2026-05-18T21:46:51.714846" elapsed="0.331768"/>
</kw>
<kw name="Select From List By Index" owner="SeleniumLibrary">
<msg time="2026-05-18T21:46:52.055288" level="INFO">Selecting options from selection list 'id=medicoId' by index 1.</msg>
<arg>id=medicoId</arg>
<arg>1</arg>
<doc>Selects options from selection list ``locator`` by ``indexes``.</doc>
<status status="PASS" start="2026-05-18T21:46:52.053279" elapsed="0.444307"/>
</kw>
<kw name="Click Button" owner="SeleniumLibrary">
<msg time="2026-05-18T21:46:52.499520" level="INFO">Clicking button 'xpath=//button[contains(text(),"Agendar")]'.</msg>
<arg>xpath=//button[contains(text(),"Agendar")]</arg>
<doc>Clicks the button identified by ``locator``.</doc>
<status status="PASS" start="2026-05-18T21:46:52.499520" elapsed="0.158110"/>
</kw>
<kw name="Sleep" owner="BuiltIn">
<msg time="2026-05-18T21:46:54.661163" level="INFO">Slept 2 seconds.</msg>
<arg>2s</arg>
<doc>Pauses the test executed for the given time.</doc>
<status status="PASS" start="2026-05-18T21:46:52.659256" elapsed="2.001907"/>
</kw>
<kw name="Page Should Contain" owner="SeleniumLibrary">
<msg time="2026-05-18T21:46:54.683532" level="INFO">Current page contains text 'sucesso'.</msg>
<arg>sucesso</arg>
<doc>Verifies that current page contains ``text``.</doc>
<status status="PASS" start="2026-05-18T21:46:54.661163" elapsed="0.022369"/>
</kw>
<kw name="Close Browser" owner="SeleniumLibrary">
<doc>Closes the current browser.</doc>
<status status="PASS" start="2026-05-18T21:46:54.683532" elapsed="2.619825"/>
</kw>
<status status="PASS" start="2026-05-18T21:46:48.665488" elapsed="8.637869"/>
</test>
<status status="PASS" start="2026-05-18T21:46:48.387436" elapsed="8.915921"/>
</suite>
<statistics>
<total>
<stat pass="1" fail="0" skip="0">All Tests</stat>
</total>
<tag>
</tag>
<suite>
<stat name="Test Agendamento" id="s1" pass="1" fail="0" skip="0">Test Agendamento</stat>
</suite>
</statistics>
<errors>
</errors>
</robot>
